[debug] [2026-05-17T05:52:37.532Z] ----------------------------------------------------------------------
[debug] [2026-05-17T05:52:37.539Z] Command:       C:\Program Files\nodejs\node.exe D:\new frntend\node_modules\firebase-tools\lib\bin\firebase.js deploy --only hosting
[debug] [2026-05-17T05:52:37.539Z] CLI Version:   14.27.0
[debug] [2026-05-17T05:52:37.539Z] Platform:      win32
[debug] [2026-05-17T05:52:37.540Z] Node Version:  v24.15.0
[debug] [2026-05-17T05:52:37.540Z] Time:          Sun May 17 2026 11:22:37 GMT+0530 (India Standard Time)
[debug] [2026-05-17T05:52:37.540Z] ----------------------------------------------------------------------
[debug] 
[debug] [2026-05-17T05:52:37.872Z] > command requires scopes: ["email","openid","https://www.googleapis.com/auth/cloudplatformprojects.readonly","https://www.googleapis.com/auth/firebase","https://www.googleapis.com/auth/cloud-platform"]
[debug] [2026-05-17T05:52:37.873Z] > authorizing via signed-in user (adityabudhale8009@gmail.com)
[debug] [2026-05-17T05:52:37.873Z] [iam] checking project myapp-f9ac6 for permissions ["firebase.projects.get","firebasehosting.sites.update"]
[debug] [2026-05-17T05:52:37.877Z] Checked if tokens are valid: true, expires at: 1779000699121
[debug] [2026-05-17T05:52:37.877Z] Checked if tokens are valid: true, expires at: 1779000699121
[debug] [2026-05-17T05:52:37.880Z] >>> [apiv2][query] POST https://cloudresourcemanager.googleapis.com/v1/projects/myapp-f9ac6:testIamPermissions [none]
[debug] [2026-05-17T05:52:37.880Z] >>> [apiv2][(partial)header] POST https://cloudresourcemanager.googleapis.com/v1/projects/myapp-f9ac6:testIamPermissions x-goog-quota-user=projects/myapp-f9ac6
[debug] [2026-05-17T05:52:37.880Z] >>> [apiv2][body] POST https://cloudresourcemanager.googleapis.com/v1/projects/myapp-f9ac6:testIamPermissions {"permissions":["firebase.projects.get","firebasehosting.sites.update"]}
[debug] [2026-05-17T05:52:39.866Z] <<< [apiv2][status] POST https://cloudresourcemanager.googleapis.com/v1/projects/myapp-f9ac6:testIamPermissions 200
[debug] [2026-05-17T05:52:39.866Z] <<< [apiv2][body] POST https://cloudresourcemanager.googleapis.com/v1/projects/myapp-f9ac6:testIamPermissions {}
[debug] [2026-05-17T05:52:39.867Z] [iam] error while checking permissions, command may fail: Authorization failed. This account is missing the following required permissions on project myapp-f9ac6:

  firebase.projects.get
  firebasehosting.sites.update
[debug] [2026-05-17T05:52:39.867Z] Checked if tokens are valid: true, expires at: 1779000699121
[debug] [2026-05-17T05:52:39.867Z] Checked if tokens are valid: true, expires at: 1779000699121
[debug] [2026-05-17T05:52:39.867Z] >>> [apiv2][query] GET https://firebase.googleapis.com/v1beta1/projects/myapp-f9ac6 [none]
[debug] [2026-05-17T05:52:40.648Z] <<< [apiv2][status] GET https://firebase.googleapis.com/v1beta1/projects/myapp-f9ac6 403
[debug] [2026-05-17T05:52:40.649Z] <<< [apiv2][body] GET https://firebase.googleapis.com/v1beta1/projects/myapp-f9ac6 {"error":{"code":403,"message":"The caller does not have permission","status":"PERMISSION_DENIED"}}
[debug] [2026-05-17T05:52:40.649Z] Request to https://firebase.googleapis.com/v1beta1/projects/myapp-f9ac6 had HTTP Error: 403, The caller does not have permission
[debug] [2026-05-17T05:52:40.906Z] FirebaseError: Request to https://firebase.googleapis.com/v1beta1/projects/myapp-f9ac6 had HTTP Error: 403, The caller does not have permission
    at responseToError (D:\new frntend\node_modules\firebase-tools\lib\responseToError.js:53:12)
    at RetryOperation._fn (D:\new frntend\node_modules\firebase-tools\lib\apiv2.js:322:77)
    at process.processTicksAndRejections (node:internal/process/task_queues:104:5)
[error] 
[error] Error: Failed to get Firebase project myapp-f9ac6. Please make sure the project exists and your account has permission to access it.
